<?xml version="1.0" encoding="UTF-8"?>
<!-- Generated by org.testng.reporters.JUnitReportReporter -->
<testsuite skipped="0" hostname="Hardik-Ranjan.local" name="controller.Operator" tests="5" failures="0" timestamp="10 Apr 2017 07:37:23 GMT" time="20.128" errors="0">
  <testcase name="verifySuccessFailure" time="0.577" classname="controller.Operator"/>
  <testcase name="openHomePage" time="8.306" classname="controller.Operator"/>
  <testcase name="Browser" time="3.522" classname="controller.Operator"/>
  <testcase name="checkLoginPage" time="7.473" classname="controller.Operator"/>
  <testcase name="checkSignUpPage" time="0.250" classname="controller.Operator"/>
</testsuite> <!-- controller.Operator -->
