<?xml version="1.0" encoding="UTF-8"?>
<!-- Generated by org.testng.reporters.JUnitReportReporter -->
<testsuite skipped="0" hostname="Hardik-Ranjan.local" name="com.hardik.seleniumAssignment.Title" tests="1" failures="0" timestamp="09 Apr 2017 20:07:58 GMT" time="13.434" errors="0">
  <testcase name="title" time="13.434" classname="com.hardik.seleniumAssignment.Title"/>
</testsuite> <!-- com.hardik.seleniumAssignment.Title -->
