<?xml version="1.0" encoding="UTF-8"?>
<!-- Generated by org.testng.reporters.JUnitReportReporter -->
<testsuite skipped="0" hostname="Hardik-Ranjan.local" name="com.hardik.seleniumAssignment.Operator" tests="5" failures="0" timestamp="09 Apr 2017 21:35:57 GMT" time="28.183" errors="0">
  <testcase name="checkSignUpPage" time="0.245" classname="com.hardik.seleniumAssignment.Operator"/>
  <testcase name="verifySuccessFailure" time="0.582" classname="com.hardik.seleniumAssignment.Operator"/>
  <testcase name="Browser" time="3.802" classname="com.hardik.seleniumAssignment.Operator"/>
  <testcase name="checkLoginPage" time="8.624" classname="com.hardik.seleniumAssignment.Operator"/>
  <testcase name="openHomePage" time="14.930" classname="com.hardik.seleniumAssignment.Operator"/>
</testsuite> <!-- com.hardik.seleniumAssignment.Operator -->
